Arguments: 
  /home/liuhanru/.nvm/versions/node/v12.18.3/bin/node /usr/share/yarn/bin/yarn.js init .

PATH: 
  /home/liuhanru/Android/Sdk/tools:/home/liuhanru/Android/Sdk/tools/bin:/home/liuhanru/Android/Sdk/platform-tools:/home/liuhanru/.cargo/bin:/home/liuhanru/.nvm/versions/node/v12.18.3/bin:/home/liuhanru/Android/Sdk/tools:/home/liuhanru/Android/Sdk/tools/bin:/home/liuhanru/Android/Sdk/platform-tools:/home/liuhanru/.cargo/bin:/home/liuhanru/bin:/usr/local/sbin:/usr/local/bin:/usr/sbin:/usr/bin:/sbin:/bin:/usr/games:/usr/local/games:/snap/bin:/usr/local/flutter/bin:/usr/local/android-studio/bin:/home/liuhanru/bin

Yarn version: 
  1.21.1

Node version: 
  12.18.3

Platform: 
  linux x64

Trace: 
  Error: canceled
      at Interface.<anonymous> (/usr/share/yarn/lib/cli.js:136925:13)
      at Interface.emit (events.js:315:20)
      at Interface._ttyWrite (readline.js:868:16)
      at ReadStream.onkeypress (readline.js:205:10)
      at ReadStream.emit (events.js:315:20)
      at emitKeys (internal/readline/utils.js:335:14)
      at emitKeys.next (<anonymous>)
      at ReadStream.onData (readline.js:1137:36)
      at ReadStream.emit (events.js:315:20)
      at addChunk (_stream_readable.js:295:12)

npm manifest: 
  {
    "name": "amap-route",
    "version": "0.0.1",
    "description": "使用高德地图预览路线",
    "main": "index.js",
    "repository": "https://github.com/isuekey/amaproute",
    "author": "liu.hanru",
    "license": "MIT"
  }

yarn manifest: 
  No manifest

Lockfile: 
  No lockfile
